<?xml version="1.0" encoding="UTF-8"?>
<!-- Generated by org.testng.reporters.JUnitReportReporter -->
<testsuite hostname="ShyamAcer" failures="0" tests="2" name="runner.RunCuke" time="0.271" errors="0" timestamp="2024-06-13T10:28:45 IST" skipped="0">
  <testcase classname="runner.RunCuke" name="runScenario" time="0.262"/>
  <testcase classname="runner.RunCuke" name="runScenario" time="0.009"/>
</testsuite> <!-- runner.RunCuke -->
